<?xml version="1.0" encoding="UTF-8"?>
<!-- Generated by org.testng.reporters.JUnitReportReporter -->
<testsuite hostname="DESKTOP-M96M643" failures="0" tests="2" name="com.demo.TestClass" time="16.827" errors="0" timestamp="2022-11-27T16:19:12 IST" skipped="0">
  <testcase classname="com.demo.TestClass" name="Test1" time="5.297"/>
  <system-out/>
  <testcase classname="com.demo.TestClass" name="Test2" time="11.530"/>
  <system-out/>
</testsuite> <!-- com.demo.TestClass -->
